<?xml version="1.0" encoding="UTF-8"?>
<testsuite xmlns:xsi="http://www.w3.org/2001/XMLSchema-instance" xsi:noNamespaceSchemaLocation="https://maven.apache.org/surefire/maven-surefire-plugin/xsd/surefire-test-report-3.0.xsd" version="3.0" name="com.remotesupport.dto.SessionMessageTest" time="0.334" tests="3" errors="0" skipped="0" failures="0">
  <properties>
[...]
</properties>
  <testcase name="serializesCaptureExclusionRequestUsingTheWindowsAffinityValue" classname="com.remotesupport.dto.SessionMessageTest" time="0.147"/>
  <testcase name="deserializesTheCaptureExclusionResultAndIgnoresUnknownFields" classname="com.remotesupport.dto.SessionMessageTest" time="0.028"/>
  <testcase name="onlyRecognizesTheSupportedCaptureExclusionAffinity" classname="com.remotesupport.dto.SessionMessageTest" time="0.002"/>
</testsuite>